\BOOKMARK [1][-]{section.1}{\376\377\000V\000\375\000r\000o\000k\000o\000v\000\341\000\040\000l\000o\000g\000i\000k\000a\000\040\000a\000\040\000m\000n\000o\001\176\000i\000n\000y}{}% 1
\BOOKMARK [1][-]{section.2}{\376\377\000M\000n\000o\000h\000o\001\015\000l\000e\000n\000y\000,\000\040\000m\000o\000c\000n\000i\000n\000y\000\040\000a\000\040\000o\000d\000m\000o\000c\000n\000i\000n\000y}{}% 2
\BOOKMARK [1][-]{section.3}{\376\377\000L\000o\000m\000e\000n\000\351\000\040\000v\000\375\000r\000a\000z\000y}{}% 3
\BOOKMARK [1][-]{section.4}{\376\377\000L\000i\000n\000e\000\341\000r\000n\000\355\000\040\000r\000o\000v\000n\000i\000c\000e\000\040\000a\000\040\000n\000e\000r\000o\000v\000n\000i\000c\000e}{}% 4
\BOOKMARK [1][-]{section.5}{\376\377\000S\000o\000u\000s\000t\000a\000v\000y\000\040\000r\000o\000v\000n\000i\000c\000\040\000a\000\040\000n\000e\000r\000o\000v\000n\000i\000c\000e}{}% 5
\BOOKMARK [1][-]{section.6}{\376\377\000K\000v\000a\000d\000r\000a\000t\000i\000c\000k\000\341\000\040\000r\000o\000v\000n\000i\000c\000e\000\040\000a\000\040\000n\000e\000r\000o\000v\000n\000i\000c\000e}{}% 6
\BOOKMARK [1][-]{section.7}{\376\377\000L\000i\000n\000e\000\341\000r\000n\000\355\000\040\000f\000u\000n\000k\000c\000e\000\040\000a\000\040\000j\000e\000j\000\355\000\040\000v\000l\000a\000s\000t\000n\000o\000s\000t\000i}{}% 7
\BOOKMARK [1][-]{section.8}{\376\377\000K\000v\000a\000d\000r\000a\000t\000i\000c\000k\000\341\000\040\000f\000u\000n\000k\000c\000e\000\040\000a\000\040\000j\000e\000j\000\355\000\040\000v\000l\000a\000s\000t\000n\000o\000s\000t\000i}{}% 8
\BOOKMARK [1][-]{section.9}{\376\377\000M\000o\000c\000n\000i\000n\000n\000\341\000\040\000a\000\040\000l\000o\000m\000e\000n\000\341\000\040\000f\000u\000n\000k\000c\000e\000\040\000a\000\040\000j\000e\000j\000\355\000\040\000v\000l\000a\000s\000t\000n\000o\000s\000t\000i}{}% 9
\BOOKMARK [1][-]{section.10}{\376\377\000E\000x\000p\000o\000n\000e\000n\000c\000i\000\341\000l\000n\000\355\000\040\000a\000\040\000l\000o\000g\000a\000r\000i\000t\000m\000i\000c\000k\000\341\000\040\000f\000u\000n\000k\000c\000e}{}% 10
\BOOKMARK [1][-]{section.11}{\376\377\000G\000o\000n\000i\000o\000m\000e\000t\000r\000i\000c\000k\000\351\000\040\000f\000u\000n\000k\000c\000e}{}% 11
\BOOKMARK [1][-]{section.12}{\376\377\000M\000n\000o\001\176\000i\000n\000y\000\040\000b\000o\000d\001\157\000\040\000d\000a\000n\000\351\000\040\000v\000l\000a\000s\000t\000n\000o\000s\000t\000i}{}% 12
\BOOKMARK [1][-]{section.13}{\376\377\000K\000o\000n\000s\000t\000r\000u\000k\000c\000e\000\040\000t\000r\000o\000j\000\372\000h\000e\000l\000n\000\355\000k\001\157\000\040\000a\000\040\001\015\000t\000y\001\131\000\372\000h\000e\000l\000n\000\355\000k\001\157}{}% 13
\BOOKMARK [1][-]{section.14}{\376\377\000S\000h\000o\000d\000n\000\341\000\040\000z\000o\000b\000r\000a\000z\000e\000n\000\355}{}% 14
\BOOKMARK [1][-]{section.15}{\376\377\000P\000o\000d\000o\000b\000n\000\341\000\040\000z\000o\000b\000r\000a\000z\000e\000n\000\355}{}% 15
\BOOKMARK [1][-]{section.16}{\376\377\000P\000y\000t\000h\000a\000g\000o\000r\000o\000v\000a\000\040\000a\000\040\000E\000u\000k\000l\000e\000i\000d\000o\000v\000y\000\040\000v\001\033\000t\000y}{}% 16
\BOOKMARK [1][-]{section.17}{\376\377\000T\000r\000i\000g\000o\000n\000o\000m\000e\000t\000r\000i\000e\000\040\000o\000b\000e\000c\000n\000\351\000h\000o\000\040\000t\000r\000o\000j\000\372\000h\000e\000l\000n\000\355\000k\000u}{}% 17
\BOOKMARK [1][-]{section.18}{\376\377\000S\000t\000e\000r\000e\000o\000m\000e\000t\000r\000i\000e\000\040\040\023\000\040\000p\000o\000l\000o\000h\000o\000v\000\351\000\040\000v\000l\000a\000s\000t\000n\000o\000s\000t\000i}{}% 18
\BOOKMARK [1][-]{section.19}{\376\377\000S\000t\000e\000r\000e\000o\000m\000e\000t\000r\000i\000e\000\040\040\023\000\040\000m\000e\000t\000r\000i\000c\000k\000\351\000\040\000v\000l\000a\000s\000t\000n\000o\000s\000t\000i}{}% 19
\BOOKMARK [1][-]{section.20}{\376\377\000S\000t\000e\000r\000e\000o\000m\000e\000t\000r\000i\000e\000\040\040\023\000\040\000o\000b\000j\000e\000m\000\040\000a\000\040\000p\000o\000v\000r\000c\000h\000\040\000t\001\033\000l\000e\000s}{}% 20
\BOOKMARK [1][-]{section.21}{\376\377\000A\000n\000a\000l\000y\000t\000i\000c\000k\000\341\000\040\000g\000e\000o\000m\000e\000t\000r\000i\000e\000\040\040\023\000\040\000b\000o\000d\000y\000\040\000a\000\040\000v\000e\000k\000t\000o\000r\000y}{}% 21
\BOOKMARK [1][-]{section.22}{\376\377\000A\000n\000a\000l\000y\000t\000i\000c\000k\000\341\000\040\000g\000e\000o\000m\000e\000t\000r\000i\000e\000\040\040\023\000\040\000p\001\131\000\355\000m\000k\000a\000\040\000a\000\040\000p\000o\000l\000o\000r\000o\000v\000i\000n\000a\000\040\000v\000\040\000E\0002}{}% 22
\BOOKMARK [1][-]{section.23}{\376\377\000A\000n\000a\000l\000y\000t\000i\000c\000k\000\341\000\040\000g\000e\000o\000m\000e\000t\000r\000i\000e\000\040\040\023\000\040\000p\001\131\000\355\000m\000k\000a\000\040\000a\000\040\000r\000o\000v\000i\000n\000a\000\040\000v\000\040\000E\0003}{}% 23
\BOOKMARK [1][-]{section.24}{\376\377\000A\000n\000a\000l\000y\000t\000i\000c\000k\000\341\000\040\000g\000e\000o\000m\000e\000t\000r\000i\000e\000\040\040\023\000\040\000k\000u\001\176\000e\000l\000o\000s\000e\001\015\000k\000y}{}% 24
\BOOKMARK [1][-]{section.25}{\376\377\000K\000o\000m\000b\000i\000n\000a\000t\000o\000r\000i\000k\000a}{}% 25
\BOOKMARK [1][-]{section.26}{\376\377\000P\000r\000a\000v\000d\001\033\000p\000o\000d\000o\000b\000n\000o\000s\000t}{}% 26
\BOOKMARK [1][-]{section.27}{\376\377\000S\000t\000a\000t\000i\000s\000t\000i\000k\000a}{}% 27
\BOOKMARK [1][-]{section.28}{\376\377\000P\000o\000s\000l\000o\000u\000p\000n\000o\000s\000t\000i}{}% 28
\BOOKMARK [1][-]{section.29}{\376\377\000L\000i\000m\000i\000t\000a\000\040\000p\000o\000s\000l\000o\000u\000p\000n\000o\000s\000t\000i\000\040\000a\000\040\000n\000e\000k\000o\000n\000e\001\015\000n\000\341\000\040\000g\000e\000o\000m\000e\000t\000r\000i\000c\000k\000\341\000\040\001\131\000a\000d\000a}{}% 29
\BOOKMARK [1][-]{section.30}{\376\377\000L\000i\000m\000i\000t\000a\000\040\000a\000\040\000d\000e\000r\000i\000v\000a\000c\000e\000\040\000f\000u\000n\000k\000c\000e}{}% 30
