This is pdfTeX, Version 3.141592653-2.6-1.40.25 (TeX Live 2023) (preloaded format=pdflatex 2025.3.30)  21 MAY 2025 21:03
entering extended mode
 restricted \write18 enabled.
 %&-line parsing enabled.
**mathe-mat.tex
(./mathe-mat.tex
LaTeX2e <2022-11-01> patch level 1
L3 programming layer <2023-02-22>
(/usr/share/texlive/texmf-dist/tex/latex/base/article.cls
Document Class: article 2022/07/02 v1.4n Standard LaTeX document class
(/usr/share/texlive/texmf-dist/tex/latex/base/size12.clo
File: size12.clo 2022/07/02 v1.4n Standard LaTeX file (size option)
)
\c@part=\count185
\c@section=\count186
\c@subsection=\count187
\c@subsubsection=\count188
\c@paragraph=\count189
\c@subparagraph=\count190
\c@figure=\count191
\c@table=\count192
\abovecaptionskip=\skip48
\belowcaptionskip=\skip49
\bibindent=\dimen140
)
(/usr/share/texlive/texmf-dist/tex/generic/babel/babel.sty
Package: babel 2023/02/13 3.86 The Babel package
\babel@savecnt=\count193
\U@D=\dimen141
\l@unhyphenated=\language85

(/usr/share/texlive/texmf-dist/tex/generic/babel/txtbabel.def)
\bbl@readstream=\read2
\bbl@dirlevel=\count194

(/usr/share/texlive/texmf-dist/tex/generic/babel-czech/czech.ldf
Language: czech 2008/07/06 v3.1a Czech support from the babel system
Package babel Info: Making " an active character on input line 172.
\cs@wordlen=\count195
Package babel Info: Making - an active character on input line 226.
))
(/usr/share/texlive/texmf-dist/tex/generic/babel/locale/cs/babel-czech.tex
Package babel Info: Importing font and identification data for czech
(babel)             from babel-cs.ini. Reported on input line 11.
)
(/usr/share/texlive/texmf-dist/tex/latex/amsmath/amsmath.sty
Package: amsmath 2022/04/08 v2.17n AMS math features
\@mathmargin=\skip50

For additional information on amsmath, use the `?' option.
(/usr/share/texlive/texmf-dist/tex/latex/amsmath/amstext.sty
Package: amstext 2021/08/26 v2.01 AMS text

(/usr/share/texlive/texmf-dist/tex/latex/amsmath/amsgen.sty
File: amsgen.sty 1999/11/30 v2.0 generic functions
\@emptytoks=\toks16
\ex@=\dimen142
))
(/usr/share/texlive/texmf-dist/tex/latex/amsmath/amsbsy.sty
Package: amsbsy 1999/11/29 v1.2d Bold Symbols
\pmbraise@=\dimen143
)
(/usr/share/texlive/texmf-dist/tex/latex/amsmath/amsopn.sty
Package: amsopn 2022/04/08 v2.04 operator names
)
\inf@bad=\count196
LaTeX Info: Redefining \frac on input line 234.
\uproot@=\count197
\leftroot@=\count198
LaTeX Info: Redefining \overline on input line 399.
LaTeX Info: Redefining \colon on input line 410.
\classnum@=\count199
\DOTSCASE@=\count266
LaTeX Info: Redefining \ldots on input line 496.
LaTeX Info: Redefining \dots on input line 499.
LaTeX Info: Redefining \cdots on input line 620.
\Mathstrutbox@=\box51
\strutbox@=\box52
LaTeX Info: Redefining \big on input line 722.
LaTeX Info: Redefining \Big on input line 723.
LaTeX Info: Redefining \bigg on input line 724.
LaTeX Info: Redefining \Bigg on input line 725.
\big@size=\dimen144
LaTeX Font Info:    Redeclaring font encoding OML on input line 743.
LaTeX Font Info:    Redeclaring font encoding OMS on input line 744.
\macc@depth=\count267
LaTeX Info: Redefining \bmod on input line 905.
LaTeX Info: Redefining \pmod on input line 910.
LaTeX Info: Redefining \smash on input line 940.
LaTeX Info: Redefining \relbar on input line 970.
LaTeX Info: Redefining \Relbar on input line 971.
\c@MaxMatrixCols=\count268
\dotsspace@=\muskip16
\c@parentequation=\count269
\dspbrk@lvl=\count270
\tag@help=\toks17
\row@=\count271
\column@=\count272
\maxfields@=\count273
\andhelp@=\toks18
\eqnshift@=\dimen145
\alignsep@=\dimen146
\tagshift@=\dimen147
\tagwidth@=\dimen148
\totwidth@=\dimen149
\lineht@=\dimen150
\@envbody=\toks19
\multlinegap=\skip51
\multlinetaggap=\skip52
\mathdisplay@stack=\toks20
LaTeX Info: Redefining \[ on input line 2953.
LaTeX Info: Redefining \] on input line 2954.
)
(/usr/share/texlive/texmf-dist/tex/latex/amsfonts/amssymb.sty
Package: amssymb 2013/01/14 v3.01 AMS font symbols

(/usr/share/texlive/texmf-dist/tex/latex/amsfonts/amsfonts.sty
Package: amsfonts 2013/01/14 v3.01 Basic AMSFonts support
\symAMSa=\mathgroup4
\symAMSb=\mathgroup5
LaTeX Font Info:    Redeclaring math symbol \hbar on input line 98.
LaTeX Font Info:    Overwriting math alphabet `\mathfrak' in version `bold'
(Font)                  U/euf/m/n --> U/euf/b/n on input line 106.
))
(/usr/share/texlive/texmf-dist/tex/latex/pgf/frontendlayer/tikz.sty
(/usr/share/texlive/texmf-dist/tex/latex/pgf/basiclayer/pgf.sty
(/usr/share/texlive/texmf-dist/tex/latex/pgf/utilities/pgfrcs.sty
(/usr/share/texlive/texmf-dist/tex/generic/pgf/utilities/pgfutil-common.tex
\pgfutil@everybye=\toks21
\pgfutil@tempdima=\dimen151
\pgfutil@tempdimb=\dimen152
)
(/usr/share/texlive/texmf-dist/tex/generic/pgf/utilities/pgfutil-latex.def
\pgfutil@abb=\box53
)
(/usr/share/texlive/texmf-dist/tex/generic/pgf/utilities/pgfrcs.code.tex
(/usr/share/texlive/texmf-dist/tex/generic/pgf/pgf.revision.tex)
Package: pgfrcs 2023-01-15 v3.1.10 (3.1.10)
))
Package: pgf 2023-01-15 v3.1.10 (3.1.10)

(/usr/share/texlive/texmf-dist/tex/latex/pgf/basiclayer/pgfcore.sty
(/usr/share/texlive/texmf-dist/tex/latex/graphics/graphicx.sty
Package: graphicx 2021/09/16 v1.2d Enhanced LaTeX Graphics (DPC,SPQR)

(/usr/share/texlive/texmf-dist/tex/latex/graphics/keyval.sty
Package: keyval 2022/05/29 v1.15 key=value parser (DPC)
\KV@toks@=\toks22
)
(/usr/share/texlive/texmf-dist/tex/latex/graphics/graphics.sty
Package: graphics 2022/03/10 v1.4e Standard LaTeX Graphics (DPC,SPQR)

(/usr/share/texlive/texmf-dist/tex/latex/graphics/trig.sty
Package: trig 2021/08/11 v1.11 sin cos tan (DPC)
)
(/usr/share/texlive/texmf-dist/tex/latex/graphics-cfg/graphics.cfg
File: graphics.cfg 2016/06/04 v1.11 sample graphics configuration
)
Package graphics Info: Driver file: pdftex.def on input line 107.

(/usr/share/texlive/texmf-dist/tex/latex/graphics-def/pdftex.def
File: pdftex.def 2022/09/22 v1.2b Graphics/color driver for pdftex
))
\Gin@req@height=\dimen153
\Gin@req@width=\dimen154
)
(/usr/share/texlive/texmf-dist/tex/latex/pgf/systemlayer/pgfsys.sty
(/usr/share/texlive/texmf-dist/tex/generic/pgf/systemlayer/pgfsys.code.tex
Package: pgfsys 2023-01-15 v3.1.10 (3.1.10)

(/usr/share/texlive/texmf-dist/tex/generic/pgf/utilities/pgfkeys.code.tex
\pgfkeys@pathtoks=\toks23
\pgfkeys@temptoks=\toks24

(/usr/share/texlive/texmf-dist/tex/generic/pgf/utilities/pgfkeyslibraryfiltered
.code.tex
\pgfkeys@tmptoks=\toks25
))
\pgf@x=\dimen155
\pgf@y=\dimen156
\pgf@xa=\dimen157
\pgf@ya=\dimen158
\pgf@xb=\dimen159
\pgf@yb=\dimen160
\pgf@xc=\dimen161
\pgf@yc=\dimen162
\pgf@xd=\dimen163
\pgf@yd=\dimen164
\w@pgf@writea=\write3
\r@pgf@reada=\read3
\c@pgf@counta=\count274
\c@pgf@countb=\count275
\c@pgf@countc=\count276
\c@pgf@countd=\count277
\t@pgf@toka=\toks26
\t@pgf@tokb=\toks27
\t@pgf@tokc=\toks28
\pgf@sys@id@count=\count278
 (/usr/share/texlive/texmf-dist/tex/generic/pgf/systemlayer/pgf.cfg
File: pgf.cfg 2023-01-15 v3.1.10 (3.1.10)
)
Driver file for pgf: pgfsys-pdftex.def
(/usr/share/texlive/texmf-dist/tex/generic/pgf/systemlayer/pgfsys-pdftex.def
File: pgfsys-pdftex.def 2023-01-15 v3.1.10 (3.1.10)

(/usr/share/texlive/texmf-dist/tex/generic/pgf/systemlayer/pgfsys-common-pdf.de
f
File: pgfsys-common-pdf.def 2023-01-15 v3.1.10 (3.1.10)
)))
(/usr/share/texlive/texmf-dist/tex/generic/pgf/systemlayer/pgfsyssoftpath.code.
tex
File: pgfsyssoftpath.code.tex 2023-01-15 v3.1.10 (3.1.10)
\pgfsyssoftpath@smallbuffer@items=\count279
\pgfsyssoftpath@bigbuffer@items=\count280
)
(/usr/share/texlive/texmf-dist/tex/generic/pgf/systemlayer/pgfsysprotocol.code.
tex
File: pgfsysprotocol.code.tex 2023-01-15 v3.1.10 (3.1.10)
)) (/usr/share/texlive/texmf-dist/tex/latex/xcolor/xcolor.sty
Package: xcolor 2022/06/12 v2.14 LaTeX color extensions (UK)

(/usr/share/texlive/texmf-dist/tex/latex/graphics-cfg/color.cfg
File: color.cfg 2016/01/02 v1.6 sample color configuration
)
Package xcolor Info: Driver file: pdftex.def on input line 227.

(/usr/share/texlive/texmf-dist/tex/latex/graphics/mathcolor.ltx)
Package xcolor Info: Model `cmy' substituted by `cmy0' on input line 1353.
Package xcolor Info: Model `hsb' substituted by `rgb' on input line 1357.
Package xcolor Info: Model `RGB' extended on input line 1369.
Package xcolor Info: Model `HTML' substituted by `rgb' on input line 1371.
Package xcolor Info: Model `Hsb' substituted by `hsb' on input line 1372.
Package xcolor Info: Model `tHsb' substituted by `hsb' on input line 1373.
Package xcolor Info: Model `HSB' substituted by `hsb' on input line 1374.
Package xcolor Info: Model `Gray' substituted by `gray' on input line 1375.
Package xcolor Info: Model `wave' substituted by `hsb' on input line 1376.
)
(/usr/share/texlive/texmf-dist/tex/generic/pgf/basiclayer/pgfcore.code.tex
Package: pgfcore 2023-01-15 v3.1.10 (3.1.10)

(/usr/share/texlive/texmf-dist/tex/generic/pgf/math/pgfmath.code.tex
(/usr/share/texlive/texmf-dist/tex/generic/pgf/math/pgfmathutil.code.tex)
(/usr/share/texlive/texmf-dist/tex/generic/pgf/math/pgfmathparser.code.tex
\pgfmath@dimen=\dimen165
\pgfmath@count=\count281
\pgfmath@box=\box54
\pgfmath@toks=\toks29
\pgfmath@stack@operand=\toks30
\pgfmath@stack@operation=\toks31
)
(/usr/share/texlive/texmf-dist/tex/generic/pgf/math/pgfmathfunctions.code.tex)
(/usr/share/texlive/texmf-dist/tex/generic/pgf/math/pgfmathfunctions.basic.code
.tex)
(/usr/share/texlive/texmf-dist/tex/generic/pgf/math/pgfmathfunctions.trigonomet
ric.code.tex)
(/usr/share/texlive/texmf-dist/tex/generic/pgf/math/pgfmathfunctions.random.cod
e.tex)
(/usr/share/texlive/texmf-dist/tex/generic/pgf/math/pgfmathfunctions.comparison
.code.tex)
(/usr/share/texlive/texmf-dist/tex/generic/pgf/math/pgfmathfunctions.base.code.
tex)
(/usr/share/texlive/texmf-dist/tex/generic/pgf/math/pgfmathfunctions.round.code
.tex)
(/usr/share/texlive/texmf-dist/tex/generic/pgf/math/pgfmathfunctions.misc.code.
tex)
(/usr/share/texlive/texmf-dist/tex/generic/pgf/math/pgfmathfunctions.integerari
thmetics.code.tex)
(/usr/share/texlive/texmf-dist/tex/generic/pgf/math/pgfmathcalc.code.tex)
(/usr/share/texlive/texmf-dist/tex/generic/pgf/math/pgfmathfloat.code.tex
\c@pgfmathroundto@lastzeros=\count282
))
(/usr/share/texlive/texmf-dist/tex/generic/pgf/math/pgfint.code.tex)
(/usr/share/texlive/texmf-dist/tex/generic/pgf/basiclayer/pgfcorepoints.code.te
x
File: pgfcorepoints.code.tex 2023-01-15 v3.1.10 (3.1.10)
\pgf@picminx=\dimen166
\pgf@picmaxx=\dimen167
\pgf@picminy=\dimen168
\pgf@picmaxy=\dimen169
\pgf@pathminx=\dimen170
\pgf@pathmaxx=\dimen171
\pgf@pathminy=\dimen172
\pgf@pathmaxy=\dimen173
\pgf@xx=\dimen174
\pgf@xy=\dimen175
\pgf@yx=\dimen176
\pgf@yy=\dimen177
\pgf@zx=\dimen178
\pgf@zy=\dimen179
)
(/usr/share/texlive/texmf-dist/tex/generic/pgf/basiclayer/pgfcorepathconstruct.
code.tex
File: pgfcorepathconstruct.code.tex 2023-01-15 v3.1.10 (3.1.10)
\pgf@path@lastx=\dimen180
\pgf@path@lasty=\dimen181
)
(/usr/share/texlive/texmf-dist/tex/generic/pgf/basiclayer/pgfcorepathusage.code
.tex
File: pgfcorepathusage.code.tex 2023-01-15 v3.1.10 (3.1.10)
\pgf@shorten@end@additional=\dimen182
\pgf@shorten@start@additional=\dimen183
)
(/usr/share/texlive/texmf-dist/tex/generic/pgf/basiclayer/pgfcorescopes.code.te
x
File: pgfcorescopes.code.tex 2023-01-15 v3.1.10 (3.1.10)
\pgfpic=\box55
\pgf@hbox=\box56
\pgf@layerbox@main=\box57
\pgf@picture@serial@count=\count283
)
(/usr/share/texlive/texmf-dist/tex/generic/pgf/basiclayer/pgfcoregraphicstate.c
ode.tex
File: pgfcoregraphicstate.code.tex 2023-01-15 v3.1.10 (3.1.10)
\pgflinewidth=\dimen184
)
(/usr/share/texlive/texmf-dist/tex/generic/pgf/basiclayer/pgfcoretransformation
s.code.tex
File: pgfcoretransformations.code.tex 2023-01-15 v3.1.10 (3.1.10)
\pgf@pt@x=\dimen185
\pgf@pt@y=\dimen186
\pgf@pt@temp=\dimen187
)
(/usr/share/texlive/texmf-dist/tex/generic/pgf/basiclayer/pgfcorequick.code.tex
File: pgfcorequick.code.tex 2023-01-15 v3.1.10 (3.1.10)
)
(/usr/share/texlive/texmf-dist/tex/generic/pgf/basiclayer/pgfcoreobjects.code.t
ex
File: pgfcoreobjects.code.tex 2023-01-15 v3.1.10 (3.1.10)
)
(/usr/share/texlive/texmf-dist/tex/generic/pgf/basiclayer/pgfcorepathprocessing
.code.tex
File: pgfcorepathprocessing.code.tex 2023-01-15 v3.1.10 (3.1.10)
)
(/usr/share/texlive/texmf-dist/tex/generic/pgf/basiclayer/pgfcorearrows.code.te
x
File: pgfcorearrows.code.tex 2023-01-15 v3.1.10 (3.1.10)
\pgfarrowsep=\dimen188
)
(/usr/share/texlive/texmf-dist/tex/generic/pgf/basiclayer/pgfcoreshade.code.tex
File: pgfcoreshade.code.tex 2023-01-15 v3.1.10 (3.1.10)
\pgf@max=\dimen189
\pgf@sys@shading@range@num=\count284
\pgf@shadingcount=\count285
)
(/usr/share/texlive/texmf-dist/tex/generic/pgf/basiclayer/pgfcoreimage.code.tex
File: pgfcoreimage.code.tex 2023-01-15 v3.1.10 (3.1.10)
)
(/usr/share/texlive/texmf-dist/tex/generic/pgf/basiclayer/pgfcoreexternal.code.
tex
File: pgfcoreexternal.code.tex 2023-01-15 v3.1.10 (3.1.10)
\pgfexternal@startupbox=\box58
)
(/usr/share/texlive/texmf-dist/tex/generic/pgf/basiclayer/pgfcorelayers.code.te
x
File: pgfcorelayers.code.tex 2023-01-15 v3.1.10 (3.1.10)
)
(/usr/share/texlive/texmf-dist/tex/generic/pgf/basiclayer/pgfcoretransparency.c
ode.tex
File: pgfcoretransparency.code.tex 2023-01-15 v3.1.10 (3.1.10)
)
(/usr/share/texlive/texmf-dist/tex/generic/pgf/basiclayer/pgfcorepatterns.code.
tex
File: pgfcorepatterns.code.tex 2023-01-15 v3.1.10 (3.1.10)
)
(/usr/share/texlive/texmf-dist/tex/generic/pgf/basiclayer/pgfcorerdf.code.tex
File: pgfcorerdf.code.tex 2023-01-15 v3.1.10 (3.1.10)
)))
(/usr/share/texlive/texmf-dist/tex/generic/pgf/modules/pgfmoduleshapes.code.tex
File: pgfmoduleshapes.code.tex 2023-01-15 v3.1.10 (3.1.10)
\pgfnodeparttextbox=\box59
) (/usr/share/texlive/texmf-dist/tex/generic/pgf/modules/pgfmoduleplot.code.tex
File: pgfmoduleplot.code.tex 2023-01-15 v3.1.10 (3.1.10)
)
(/usr/share/texlive/texmf-dist/tex/latex/pgf/compatibility/pgfcomp-version-0-65
.sty
Package: pgfcomp-version-0-65 2023-01-15 v3.1.10 (3.1.10)
\pgf@nodesepstart=\dimen190
\pgf@nodesepend=\dimen191
)
(/usr/share/texlive/texmf-dist/tex/latex/pgf/compatibility/pgfcomp-version-1-18
.sty
Package: pgfcomp-version-1-18 2023-01-15 v3.1.10 (3.1.10)
)) (/usr/share/texlive/texmf-dist/tex/latex/pgf/utilities/pgffor.sty
(/usr/share/texlive/texmf-dist/tex/latex/pgf/utilities/pgfkeys.sty
(/usr/share/texlive/texmf-dist/tex/generic/pgf/utilities/pgfkeys.code.tex))
(/usr/share/texlive/texmf-dist/tex/latex/pgf/math/pgfmath.sty
(/usr/share/texlive/texmf-dist/tex/generic/pgf/math/pgfmath.code.tex))
(/usr/share/texlive/texmf-dist/tex/generic/pgf/utilities/pgffor.code.tex
Package: pgffor 2023-01-15 v3.1.10 (3.1.10)
\pgffor@iter=\dimen192
\pgffor@skip=\dimen193
\pgffor@stack=\toks32
\pgffor@toks=\toks33
))
(/usr/share/texlive/texmf-dist/tex/generic/pgf/frontendlayer/tikz/tikz.code.tex
Package: tikz 2023-01-15 v3.1.10 (3.1.10)

(/usr/share/texlive/texmf-dist/tex/generic/pgf/libraries/pgflibraryplothandlers
.code.tex
File: pgflibraryplothandlers.code.tex 2023-01-15 v3.1.10 (3.1.10)
\pgf@plot@mark@count=\count286
\pgfplotmarksize=\dimen194
)
\tikz@lastx=\dimen195
\tikz@lasty=\dimen196
\tikz@lastxsaved=\dimen197
\tikz@lastysaved=\dimen198
\tikz@lastmovetox=\dimen199
\tikz@lastmovetoy=\dimen256
\tikzleveldistance=\dimen257
\tikzsiblingdistance=\dimen258
\tikz@figbox=\box60
\tikz@figbox@bg=\box61
\tikz@tempbox=\box62
\tikz@tempbox@bg=\box63
\tikztreelevel=\count287
\tikznumberofchildren=\count288
\tikznumberofcurrentchild=\count289
\tikz@fig@count=\count290

(/usr/share/texlive/texmf-dist/tex/generic/pgf/modules/pgfmodulematrix.code.tex
File: pgfmodulematrix.code.tex 2023-01-15 v3.1.10 (3.1.10)
\pgfmatrixcurrentrow=\count291
\pgfmatrixcurrentcolumn=\count292
\pgf@matrix@numberofcolumns=\count293
)
\tikz@expandcount=\count294

(/usr/share/texlive/texmf-dist/tex/generic/pgf/frontendlayer/tikz/libraries/tik
zlibrarytopaths.code.tex
File: tikzlibrarytopaths.code.tex 2023-01-15 v3.1.10 (3.1.10)
)))
(/usr/share/texlive/texmf-dist/tex/latex/pgfplots/pgfplots.sty
(/usr/share/texlive/texmf-dist/tex/generic/pgfplots/pgfplots.revision.tex)
Package: pgfplots 2021/05/15 v1.18.1 Data Visualization (1.18.1)

(/usr/share/texlive/texmf-dist/tex/generic/pgfplots/pgfplots.code.tex
(/usr/share/texlive/texmf-dist/tex/generic/pgfplots/pgfplotscore.code.tex
\t@pgfplots@toka=\toks34
\t@pgfplots@tokb=\toks35
\t@pgfplots@tokc=\toks36
\pgfplots@tmpa=\dimen259
\c@pgfplots@coordindex=\count295
\c@pgfplots@scanlineindex=\count296

(/usr/share/texlive/texmf-dist/tex/generic/pgfplots/sys/pgfplotssysgeneric.code
.tex))
(/usr/share/texlive/texmf-dist/tex/generic/pgfplots/libs/pgfplotslibrary.code.t
ex)
(/usr/share/texlive/texmf-dist/tex/generic/pgfplots/oldpgfcompatib/pgfplotsoldp
gfsupp_loader.code.tex
(/usr/share/texlive/texmf-dist/tex/generic/pgf/libraries/pgflibraryfpu.code.tex
)
Package pgfplots: loading complementary utilities for your pgf version...
\t@pgf@toka=\toks37
\t@pgf@tokb=\toks38
\t@pgf@tokc=\toks39

(/usr/share/texlive/texmf-dist/tex/generic/pgfplots/oldpgfcompatib/pgfplotsoldp
gfsupp_pgfutil-common-lists.tex))
(/usr/share/texlive/texmf-dist/tex/generic/pgfplots/util/pgfplotsutil.code.tex
(/usr/share/texlive/texmf-dist/tex/generic/pgfplots/liststructure/pgfplotslists
tructure.code.tex)
(/usr/share/texlive/texmf-dist/tex/generic/pgfplots/liststructure/pgfplotslists
tructureext.code.tex)
(/usr/share/texlive/texmf-dist/tex/generic/pgfplots/liststructure/pgfplotsarray
.code.tex
\c@pgfplotsarray@tmp=\count297
)
(/usr/share/texlive/texmf-dist/tex/generic/pgfplots/liststructure/pgfplotsmatri
x.code.tex)
(/usr/share/texlive/texmf-dist/tex/generic/pgfplots/numtable/pgfplotstableshare
d.code.tex
\c@pgfplotstable@counta=\count298
\t@pgfplotstable@a=\toks40
)
(/usr/share/texlive/texmf-dist/tex/generic/pgfplots/liststructure/pgfplotsdeque
.code.tex)
(/usr/share/texlive/texmf-dist/tex/generic/pgfplots/util/pgfplotsbinary.code.te
x
(/usr/share/texlive/texmf-dist/tex/generic/pgfplots/util/pgfplotsbinary.data.co
de.tex))
(/usr/share/texlive/texmf-dist/tex/generic/pgfplots/util/pgfplotsutil.verb.code
.tex)
(/usr/share/texlive/texmf-dist/tex/generic/pgfplots/libs/pgflibrarypgfplots.sur
fshading.code.tex
\c@pgfplotslibrarysurf@no=\count299

(/usr/share/texlive/texmf-dist/tex/generic/pgfplots/sys/pgflibrarypgfplots.surf
shading.pgfsys-pdftex.def)))
(/usr/share/texlive/texmf-dist/tex/generic/pgfplots/util/pgfplotscolormap.code.
tex
(/usr/share/texlive/texmf-dist/tex/generic/pgfplots/util/pgfplotscolor.code.tex
))
(/usr/share/texlive/texmf-dist/tex/generic/pgfplots/pgfplotsstackedplots.code.t
ex)
(/usr/share/texlive/texmf-dist/tex/generic/pgfplots/pgfplotsplothandlers.code.t
ex
(/usr/share/texlive/texmf-dist/tex/generic/pgfplots/pgfplotsmeshplothandler.cod
e.tex
(/usr/share/texlive/texmf-dist/tex/generic/pgfplots/pgfplotsmeshplotimage.code.
tex)))
(/usr/share/texlive/texmf-dist/tex/generic/pgfplots/pgfplots.scaling.code.tex)
(/usr/share/texlive/texmf-dist/tex/generic/pgfplots/pgfplotscoordprocessing.cod
e.tex)
(/usr/share/texlive/texmf-dist/tex/generic/pgfplots/pgfplots.errorbars.code.tex
) (/usr/share/texlive/texmf-dist/tex/generic/pgfplots/pgfplots.markers.code.tex
) (/usr/share/texlive/texmf-dist/tex/generic/pgfplots/pgfplotsticks.code.tex)
(/usr/share/texlive/texmf-dist/tex/generic/pgfplots/pgfplots.paths.code.tex)
(/usr/share/texlive/texmf-dist/tex/generic/pgf/frontendlayer/tikz/libraries/tik
zlibrarydecorations.code.tex
(/usr/share/texlive/texmf-dist/tex/generic/pgf/modules/pgfmoduledecorations.cod
e.tex
\pgfdecoratedcompleteddistance=\dimen260
\pgfdecoratedremainingdistance=\dimen261
\pgfdecoratedinputsegmentcompleteddistance=\dimen262
\pgfdecoratedinputsegmentremainingdistance=\dimen263
\pgf@decorate@distancetomove=\dimen264
\pgf@decorate@repeatstate=\count300
\pgfdecorationsegmentamplitude=\dimen265
\pgfdecorationsegmentlength=\dimen266
)
\tikz@lib@dec@box=\box64
)
(/usr/share/texlive/texmf-dist/tex/generic/pgf/frontendlayer/tikz/libraries/tik
zlibrarydecorations.pathmorphing.code.tex
(/usr/share/texlive/texmf-dist/tex/generic/pgf/libraries/decorations/pgflibrary
decorations.pathmorphing.code.tex))
(/usr/share/texlive/texmf-dist/tex/generic/pgf/frontendlayer/tikz/libraries/tik
zlibrarydecorations.pathreplacing.code.tex
(/usr/share/texlive/texmf-dist/tex/generic/pgf/libraries/decorations/pgflibrary
decorations.pathreplacing.code.tex))
(/usr/share/texlive/texmf-dist/tex/generic/pgfplots/libs/tikzlibrarypgfplots.co
ntourlua.code.tex)
\pgfplots@numplots=\count301
\pgfplots@xmin@reg=\dimen267
\pgfplots@xmax@reg=\dimen268
\pgfplots@ymin@reg=\dimen269
\pgfplots@ymax@reg=\dimen270
\pgfplots@zmin@reg=\dimen271
\pgfplots@zmax@reg=\dimen272
)
(/usr/share/texlive/texmf-dist/tex/generic/pgf/frontendlayer/tikz/libraries/tik
zlibraryplotmarks.code.tex
File: tikzlibraryplotmarks.code.tex 2023-01-15 v3.1.10 (3.1.10)

(/usr/share/texlive/texmf-dist/tex/generic/pgf/libraries/pgflibraryplotmarks.co
de.tex
File: pgflibraryplotmarks.code.tex 2023-01-15 v3.1.10 (3.1.10)
))) (/usr/share/texlive/texmf-dist/tex/latex/float/float.sty
Package: float 2001/11/08 v1.3d Float enhancements (AL)
\c@float@type=\count302
\float@exts=\toks41
\float@box=\box65
\@float@everytoks=\toks42
\@floatcapt=\box66
)
(/usr/share/texlive/texmf-dist/tex/latex/hyperref/hyperref.sty
Package: hyperref 2023-02-07 v7.00v Hypertext links for LaTeX

(/usr/share/texlive/texmf-dist/tex/generic/ltxcmds/ltxcmds.sty
Package: ltxcmds 2020-05-10 v1.25 LaTeX kernel commands for general use (HO)
)
(/usr/share/texlive/texmf-dist/tex/generic/iftex/iftex.sty
Package: iftex 2022/02/03 v1.0f TeX engine tests
)
(/usr/share/texlive/texmf-dist/tex/generic/pdftexcmds/pdftexcmds.sty
Package: pdftexcmds 2020-06-27 v0.33 Utility functions of pdfTeX for LuaTeX (HO
)

(/usr/share/texlive/texmf-dist/tex/generic/infwarerr/infwarerr.sty
Package: infwarerr 2019/12/03 v1.5 Providing info/warning/error messages (HO)
)
Package pdftexcmds Info: \pdf@primitive is available.
Package pdftexcmds Info: \pdf@ifprimitive is available.
Package pdftexcmds Info: \pdfdraftmode found.
)
(/usr/share/texlive/texmf-dist/tex/latex/kvsetkeys/kvsetkeys.sty
Package: kvsetkeys 2022-10-05 v1.19 Key value parser (HO)
)
(/usr/share/texlive/texmf-dist/tex/generic/kvdefinekeys/kvdefinekeys.sty
Package: kvdefinekeys 2019-12-19 v1.6 Define keys (HO)
)
(/usr/share/texlive/texmf-dist/tex/generic/pdfescape/pdfescape.sty
Package: pdfescape 2019/12/09 v1.15 Implements pdfTeX's escape features (HO)
)
(/usr/share/texlive/texmf-dist/tex/latex/hycolor/hycolor.sty
Package: hycolor 2020-01-27 v1.10 Color options for hyperref/bookmark (HO)
)
(/usr/share/texlive/texmf-dist/tex/latex/letltxmacro/letltxmacro.sty
Package: letltxmacro 2019/12/03 v1.6 Let assignment for LaTeX macros (HO)
)
(/usr/share/texlive/texmf-dist/tex/latex/auxhook/auxhook.sty
Package: auxhook 2019-12-17 v1.6 Hooks for auxiliary files (HO)
)
(/usr/share/texlive/texmf-dist/tex/latex/hyperref/nameref.sty
Package: nameref 2022-05-17 v2.50 Cross-referencing by name of section

(/usr/share/texlive/texmf-dist/tex/latex/refcount/refcount.sty
Package: refcount 2019/12/15 v3.6 Data extraction from label references (HO)
)
(/usr/share/texlive/texmf-dist/tex/generic/gettitlestring/gettitlestring.sty
Package: gettitlestring 2019/12/15 v1.6 Cleanup title references (HO)

(/usr/share/texlive/texmf-dist/tex/latex/kvoptions/kvoptions.sty
Package: kvoptions 2022-06-15 v3.15 Key value format for package options (HO)
))
\c@section@level=\count303
)
\@linkdim=\dimen273
\Hy@linkcounter=\count304
\Hy@pagecounter=\count305

(/usr/share/texlive/texmf-dist/tex/latex/hyperref/pd1enc.def
File: pd1enc.def 2023-02-07 v7.00v Hyperref: PDFDocEncoding definition (HO)
Now handling font encoding PD1 ...
... no UTF-8 mapping file for font encoding PD1
)
(/usr/share/texlive/texmf-dist/tex/generic/intcalc/intcalc.sty
Package: intcalc 2019/12/15 v1.3 Expandable calculations with integers (HO)
)
(/usr/share/texlive/texmf-dist/tex/generic/etexcmds/etexcmds.sty
Package: etexcmds 2019/12/15 v1.7 Avoid name clashes with e-TeX commands (HO)
)
\Hy@SavedSpaceFactor=\count306

(/usr/share/texlive/texmf-dist/tex/latex/hyperref/puenc.def
File: puenc.def 2023-02-07 v7.00v Hyperref: PDF Unicode definition (HO)
Now handling font encoding PU ...
... no UTF-8 mapping file for font encoding PU
)
Package hyperref Info: Hyper figures OFF on input line 4177.
Package hyperref Info: Link nesting OFF on input line 4182.
Package hyperref Info: Hyper index ON on input line 4185.
Package hyperref Info: Plain pages OFF on input line 4192.
Package hyperref Info: Backreferencing OFF on input line 4197.
Package hyperref Info: Implicit mode ON; LaTeX internals redefined.
Package hyperref Info: Bookmarks ON on input line 4425.
\c@Hy@tempcnt=\count307

(/usr/share/texlive/texmf-dist/tex/latex/url/url.sty
\Urlmuskip=\muskip17
Package: url 2013/09/16  ver 3.4  Verb mode for urls, etc.
)
LaTeX Info: Redefining \url on input line 4763.
\XeTeXLinkMargin=\dimen274

(/usr/share/texlive/texmf-dist/tex/generic/bitset/bitset.sty
Package: bitset 2019/12/09 v1.3 Handle bit-vector datatype (HO)

(/usr/share/texlive/texmf-dist/tex/generic/bigintcalc/bigintcalc.sty
Package: bigintcalc 2019/12/15 v1.5 Expandable calculations on big integers (HO
)
))
\Fld@menulength=\count308
\Field@Width=\dimen275
\Fld@charsize=\dimen276
Package hyperref Info: Hyper figures OFF on input line 6042.
Package hyperref Info: Link nesting OFF on input line 6047.
Package hyperref Info: Hyper index ON on input line 6050.
Package hyperref Info: backreferencing OFF on input line 6057.
Package hyperref Info: Link coloring OFF on input line 6062.
Package hyperref Info: Link coloring with OCG OFF on input line 6067.
Package hyperref Info: PDF/A mode OFF on input line 6072.

(/usr/share/texlive/texmf-dist/tex/latex/base/atbegshi-ltx.sty
Package: atbegshi-ltx 2021/01/10 v1.0c Emulation of the original atbegshi
package with kernel methods
)
\Hy@abspage=\count309
\c@Item=\count310
\c@Hfootnote=\count311
)
Package hyperref Info: Driver (autodetected): hpdftex.

(/usr/share/texlive/texmf-dist/tex/latex/hyperref/hpdftex.def
File: hpdftex.def 2023-02-07 v7.00v Hyperref driver for pdfTeX

(/usr/share/texlive/texmf-dist/tex/latex/base/atveryend-ltx.sty
Package: atveryend-ltx 2020/08/19 v1.0a Emulation of the original atveryend pac
kage
with kernel methods
)
\Fld@listcount=\count312
\c@bookmark@seq@number=\count313

(/usr/share/texlive/texmf-dist/tex/latex/rerunfilecheck/rerunfilecheck.sty
Package: rerunfilecheck 2022-07-10 v1.10 Rerun checks for auxiliary files (HO)

(/usr/share/texlive/texmf-dist/tex/generic/uniquecounter/uniquecounter.sty
Package: uniquecounter 2019/12/15 v1.4 Provide unlimited unique counter (HO)
)
Package uniquecounter Info: New unique counter `rerunfilecheck' on input line 2
85.
)
\Hy@SectionHShift=\skip53
)
(/usr/share/texlive/texmf-dist/tex/latex/caption/subcaption.sty
Package: subcaption 2023/02/19 v1.6 Sub-captions (AR)

(/usr/share/texlive/texmf-dist/tex/latex/caption/caption.sty
Package: caption 2023/03/12 v3.6j Customizing captions (AR)

(/usr/share/texlive/texmf-dist/tex/latex/caption/caption3.sty
Package: caption3 2023/03/12 v2.4 caption3 kernel (AR)
\caption@tempdima=\dimen277
\captionmargin=\dimen278
\caption@leftmargin=\dimen279
\caption@rightmargin=\dimen280
\caption@width=\dimen281
\caption@indent=\dimen282
\caption@parindent=\dimen283
\caption@hangindent=\dimen284
Package caption Info: Standard document class detected.
)
\c@caption@flags=\count314
\c@continuedfloat=\count315
Package caption Info: float package is loaded.
Package caption Info: hyperref package is loaded.
)
Package caption Info: New subtype `subfigure' on input line 239.
\c@subfigure=\count316
Package caption Info: New subtype `subtable' on input line 239.
\c@subtable=\count317
)
(/usr/share/texlive/texmf-dist/tex/latex/gensymb/gensymb.sty
Package: gensymb 2022/10/17 v1.0.2 (KJH)
)
(/usr/share/texlive/texmf-dist/tex/generic/pgf/frontendlayer/tikz/libraries/tik
zlibrarypatterns.code.tex
File: tikzlibrarypatterns.code.tex 2023-01-15 v3.1.10 (3.1.10)

(/usr/share/texlive/texmf-dist/tex/generic/pgf/libraries/pgflibrarypatterns.cod
e.tex
File: pgflibrarypatterns.code.tex 2023-01-15 v3.1.10 (3.1.10)
))
\@float@every@figure=\toks43
 (/usr/share/texlive/texmf-dist/tex/latex/l3backend/l3backend-pdftex.def
File: l3backend-pdftex.def 2023-01-16 L3 backend support: PDF output (pdfTeX)
\l__color_backend_stack_int=\count318
\l__pdf_internal_box=\box67
) (./mathe-mat.aux)
\openout1 = `mathe-mat.aux'.

LaTeX Font Info:    Checking defaults for OML/cmm/m/it on input line 23.
LaTeX Font Info:    ... okay on input line 23.
LaTeX Font Info:    Checking defaults for OMS/cmsy/m/n on input line 23.
LaTeX Font Info:    ... okay on input line 23.
LaTeX Font Info:    Checking defaults for OT1/cmr/m/n on input line 23.
LaTeX Font Info:    ... okay on input line 23.
LaTeX Font Info:    Checking defaults for T1/cmr/m/n on input line 23.
LaTeX Font Info:    ... okay on input line 23.
LaTeX Font Info:    Checking defaults for TS1/cmr/m/n on input line 23.
LaTeX Font Info:    ... okay on input line 23.
LaTeX Font Info:    Checking defaults for OMX/cmex/m/n on input line 23.
LaTeX Font Info:    ... okay on input line 23.
LaTeX Font Info:    Checking defaults for U/cmr/m/n on input line 23.
LaTeX Font Info:    ... okay on input line 23.
LaTeX Font Info:    Checking defaults for PD1/pdf/m/n on input line 23.
LaTeX Font Info:    ... okay on input line 23.
LaTeX Font Info:    Checking defaults for PU/pdf/m/n on input line 23.
LaTeX Font Info:    ... okay on input line 23.

(/usr/share/texlive/texmf-dist/tex/context/base/mkii/supp-pdf.mkii
[Loading MPS to PDF converter (version 2006.09.02).]
\scratchcounter=\count319
\scratchdimen=\dimen285
\scratchbox=\box68
\nofMPsegments=\count320
\nofMParguments=\count321
\everyMPshowfont=\toks44
\MPscratchCnt=\count322
\MPscratchDim=\dimen286
\MPnumerator=\count323
\makeMPintoPDFobject=\count324
\everyMPtoPDFconversion=\toks45
) (/usr/share/texlive/texmf-dist/tex/latex/epstopdf-pkg/epstopdf-base.sty
Package: epstopdf-base 2020-01-24 v2.11 Base part for package epstopdf
Package epstopdf-base Info: Redefining graphics rule for `.eps' on input line 4
85.

(/usr/share/texlive/texmf-dist/tex/latex/latexconfig/epstopdf-sys.cfg
File: epstopdf-sys.cfg 2010/07/13 v1.3 Configuration of (r)epstopdf for TeX Liv
e
))

Package pgfplots Warning: running in backwards compatibility mode (unsuitable t
ick labels; missing features). Consider writing \pgfplotsset{compat=1.18} into 
your preamble.
 on input line 23.

Package hyperref Info: Link coloring OFF on input line 23.
(./mathe-mat.out) (./mathe-mat.out)
\@outlinefile=\write4
\openout4 = `mathe-mat.out'.

Package caption Info: Begin \AtBeginDocument code.
Package caption Info: End \AtBeginDocument code.
LaTeX Info: Redefining \celsius on input line 23.
Package gensymb Info: Faking symbols for \degree and \celsius on input line 23.



Package gensymb Warning: Not defining \perthousand.

LaTeX Info: Redefining \ohm on input line 23.
Package gensymb Info: Using \Omega for \ohm on input line 23.

Package gensymb Warning: Not defining \micro.

LaTeX Font Info:    Trying to load font information for U+msa on input line 25.

(/usr/share/texlive/texmf-dist/tex/latex/amsfonts/umsa.fd
File: umsa.fd 2013/01/14 v3.01 AMS symbols A
)
LaTeX Font Info:    Trying to load font information for U+msb on input line 25.


(/usr/share/texlive/texmf-dist/tex/latex/amsfonts/umsb.fd
File: umsb.fd 2013/01/14 v3.01 AMS symbols B
) [1

{/var/lib/texmf/fonts/map/pdftex/updmap/pdftex.map}] [2] (./mathe-mat.toc [3])
\tf@toc=\write5
\openout5 = `mathe-mat.toc'.

 [4]
Underfull \hbox (badness 10000) in paragraph at lines 54--59

 []

[5] [6] [7{/usr/share/texlive/texmf-dist/fonts/enc/dvips/cm-super/cm-super-ts1.
enc}]
Underfull \hbox (badness 10000) in paragraph at lines 169--175

 []


Underfull \hbox (badness 10000) in paragraph at lines 177--179

 []

[8] [9]
Underfull \hbox (badness 10000) in paragraph at lines 206--212

 []


Underfull \hbox (badness 10000) in paragraph at lines 214--217

 []


Underfull \hbox (badness 10000) in paragraph at lines 219--230

 []

[10]
Underfull \hbox (badness 10000) in paragraph at lines 248--249

 []


Overfull \hbox (2.37772pt too wide) in paragraph at lines 252--253
\OT1/cmr/bx/n/12 Kr^^Satit lo-men^^Sy v^^Syraz \OT1/cmr/m/n/12 zna-men^^Sa vyd^
^Telit ^^Tcitatele i jme-no-va-tele stejn^^Sym ^^Tc^^S^^Pslem. 
 []


Underfull \hbox (badness 10000) in paragraph at lines 252--253

 []


Underfull \hbox (badness 10000) in paragraph at lines 258--259

 []

[11]
Underfull \hbox (badness 10000) in paragraph at lines 295--298

 []

[12] [13]
Underfull \hbox (badness 10000) in paragraph at lines 326--341

 []


Underfull \hbox (badness 10000) in paragraph at lines 343--344

 []


Overfull \hbox (3.29294pt too wide) in paragraph at lines 345--355
 [] 
 []

[14] [15] [16]
Underfull \hbox (badness 10000) in paragraph at lines 436--438

 []


Underfull \hbox (badness 10000) in paragraph at lines 444--446

 []

[17]
Underfull \hbox (badness 10000) in paragraph at lines 481--484

 []


Underfull \hbox (badness 10000) in paragraph at lines 514--515

 []


Underfull \hbox (badness 10000) in paragraph at lines 523--524

 []


Underfull \hbox (badness 10000) in paragraph at lines 532--535

 []

[18]
Underfull \hbox (badness 10000) in paragraph at lines 559--561

 []


Underfull \hbox (badness 10000) in paragraph at lines 562--564

 []


Underfull \hbox (badness 10000) in paragraph at lines 566--567

 []

[19] [20]
Underfull \hbox (badness 10000) in paragraph at lines 601--603

 []


Underfull \hbox (badness 10000) in paragraph at lines 633--634

 []


Underfull \hbox (badness 10000) in paragraph at lines 641--642

 []


Underfull \hbox (badness 10000) in paragraph at lines 649--653

 []

[21]
Underfull \hbox (badness 10000) in paragraph at lines 660--661

 []


Underfull \hbox (badness 10000) in paragraph at lines 662--663

 []


Underfull \hbox (badness 10000) in paragraph at lines 667--668

 []


Underfull \hbox (badness 10000) in paragraph at lines 669--672

 []

[22] [23]
Underfull \hbox (badness 10000) in paragraph at lines 701--702

 []

[24]
Underfull \hbox (badness 10000) in paragraph at lines 726--727

 []

[25]
Underfull \hbox (badness 10000) in paragraph at lines 762--764

 []


Underfull \hbox (badness 10000) in paragraph at lines 771--773

 []


Underfull \hbox (badness 10000) in paragraph at lines 784--786

 []

[26]
Underfull \hbox (badness 10000) in paragraph at lines 802--804

 []


Underfull \hbox (badness 10000) in paragraph at lines 816--819

 []


Underfull \hbox (badness 10000) in paragraph at lines 821--824

 []

[27]
Underfull \hbox (badness 10000) in paragraph at lines 850--853

 []


Overfull \hbox (3.1715pt too wide) in paragraph at lines 872--876
\OT1/cmr/m/n/12 Necht[] jsou d^^Sany nepr^^Sazdn^^Se podmno^^Tziny \OT1/cmr/m/i
t/12 A,B \OT1/cmr/m/n/12 mno^^Tziny $\U/msb/m/n/12 R$\OT1/cmr/m/n/12 . Funkce \
OT1/cmr/m/it/12 f \OT1/cmr/m/n/12 na mno^^Tzin^^Te
 []

[28]
Underfull \hbox (badness 10000) in paragraph at lines 882--884

 []


Underfull \hbox (badness 10000) in paragraph at lines 886--898

 []

[29]
Underfull \hbox (badness 10000) in paragraph at lines 927--932

 []

[30]
Overfull \hbox (6.4117pt too wide) in paragraph at lines 958--959
\OT1/cmr/bx/n/12 Inverzn^^S^^P funkc^^S^^P $\OML/cmm/m/it/12 f[]$ \OT1/cmr/m/n/
12 k funkci \OT1/cmr/m/it/12 f \OT1/cmr/m/n/12 z^^S^^Psk^^Sam^^Se tak, ^^Tze v 
p^^Tredpisu zam^^Ten^^S^^Pme navz^^Sajem
 []


Underfull \hbox (badness 10000) in paragraph at lines 973--975

 []

[31] [32] [33] [34]
Overfull \vbox (10.4968pt too high) has occurred while \output is active []


[35]
Underfull \hbox (badness 10000) in paragraph at lines 1349--1375

 []


Underfull \hbox (badness 10000) in paragraph at lines 1437--1440

 []

[36]
Underfull \hbox (badness 10000) in paragraph at lines 1453--1455

 []


Underfull \hbox (badness 10000) in paragraph at lines 1478--1480

 []

[37]
Underfull \hbox (badness 10000) in paragraph at lines 1491--1493

 []

NOTE: coordinate (0Y0.0e0],3Y0.0e0]) has been dropped because it is unbounded (
in y). (see also unbounded coords=jump). 
NOTE: coordinate (0Y0.0e0],3Y0.0e0]) has been dropped because it is unbounded (
in y). (see also unbounded coords=jump). 
[38]
Underfull \hbox (badness 10000) in paragraph at lines 1562--1564

 []

[39] [40]
Underfull \hbox (badness 10000) in paragraph at lines 1607--1609

 []


Package caption Warning: \setcaptionsubtype
(caption)                outside box or environment on input line 1625.
See the caption package documentation for explanation.


Package caption Warning: \subcaption
(caption)                outside box or environment on input line 1625.
See the caption package documentation for explanation.


Underfull \hbox (badness 10000) in paragraph at lines 1611--1626

 []


Package caption Warning: \setcaptionsubtype
(caption)                outside box or environment on input line 1642.
See the caption package documentation for explanation.


Package caption Warning: \subcaption
(caption)                outside box or environment on input line 1642.
See the caption package documentation for explanation.

[41]
Underfull \hbox (badness 10000) in paragraph at lines 1646--1681

 []

[42]
Underfull \hbox (badness 10000) in paragraph at lines 1690--1691

 []

[43]
Underfull \hbox (badness 10000) in paragraph at lines 1707--1708

 []

[44]
Overfull \hbox (2.13806pt too wide) in paragraph at lines 1735--1736
[]\OT1/cmr/m/n/12 je mno^^Tzina v^^Tsech bod^^Wu, kter^^Se maj^^S^^P od dvou bo
d^^Wu \OT1/cmr/m/it/12 A,B \OT1/cmr/m/n/12 stej-nou vzd^^Salenost 
 []

<./ryska/osausecky1.png, id=467, 1002.74625pt x 643.6547pt>
File: ./ryska/osausecky1.png Graphic file (type png)
<use ./ryska/osausecky1.png>
Package pdftex.def Info: ./ryska/osausecky1.png  used on input line 1739.
(pdftex.def)             Requested size: 401.0914pt x 257.4573pt.
<./ryska/osausecky2.png, id=469, 1200.73593pt x 676.02562pt>
File: ./ryska/osausecky2.png Graphic file (type png)
<use ./ryska/osausecky2.png>
Package pdftex.def Info: ./ryska/osausecky2.png  used on input line 1740.
(pdftex.def)             Requested size: 480.28586pt x 270.40544pt.

Overfull \hbox (28.71622pt too wide) in paragraph at lines 1739--1742
[][]
 []


Overfull \hbox (90.28586pt too wide) in paragraph at lines 1739--1742
[]
 []

[45 <./ryska/osausecky1.png>]
Underfull \hbox (badness 10000) in paragraph at lines 1744--1745

 []

<./ryska/osarovnobezek1.png, id=476, 593.21625pt x 337.26pt>
File: ./ryska/osarovnobezek1.png Graphic file (type png)
<use ./ryska/osarovnobezek1.png>
Package pdftex.def Info: ./ryska/osarovnobezek1.png  used on input line 1753.
(pdftex.def)             Requested size: 278.81168pt x 158.5122pt.

Overfull \hbox (83.81168pt too wide) in paragraph at lines 1753--1754
[][] 
 []

<./ryska/osarovnobezek2.png, id=477, 596.2275pt x 368.1253pt>
File: ./ryska/osarovnobezek2.png Graphic file (type png)
<use ./ryska/osarovnobezek2.png>
Package pdftex.def Info: ./ryska/osarovnobezek2.png  used on input line 1757.
(pdftex.def)             Requested size: 280.22696pt x 173.0189pt.

Overfull \hbox (85.22696pt too wide) in paragraph at lines 1757--1758
[][] 
 []

[46 <./ryska/osausecky2.png>]
Underfull \hbox (badness 10000) in paragraph at lines 1761--1762

 []

<./ryska/osaruznobezek1.png, id=484, 504.38437pt x 377.91188pt>
File: ./ryska/osaruznobezek1.png Graphic file (type png)
<use ./ryska/osaruznobezek1.png>
Package pdftex.def Info: ./ryska/osaruznobezek1.png  used on input line 1772.
(pdftex.def)             Requested size: 237.06068pt x 177.6186pt.

Overfull \hbox (42.06068pt too wide) in paragraph at lines 1772--1773
[][] 
 []

<./ryska/osaruznobezek2.png, id=485, 709.14937pt x 496.85625pt>
File: ./ryska/osaruznobezek2.png Graphic file (type png)
<use ./ryska/osaruznobezek2.png>
Package pdftex.def Info: ./ryska/osaruznobezek2.png  used on input line 1776.
(pdftex.def)             Requested size: 283.65472pt x 198.73897pt.

Overfull \hbox (88.65472pt too wide) in paragraph at lines 1776--1777
[][] 
 []

[47 <./ryska/osarovnobezek1.png> <./ryska/osarovnobezek2.png>]
<./ryska/soustredne1.png, id=493, 563.10374pt x 440.39531pt>
File: ./ryska/soustredne1.png Graphic file (type png)
<use ./ryska/soustredne1.png>
Package pdftex.def Info: ./ryska/soustredne1.png  used on input line 1788.
(pdftex.def)             Requested size: 264.6588pt x 206.98581pt.

Underfull \hbox (badness 10000) in paragraph at lines 1784--1789

 []

[48 <./ryska/osaruznobezek1.png> <./ryska/osaruznobezek2.png>]
<./ryska/soustredne2.png, id=501, 572.1375pt x 418.56375pt>
File: ./ryska/soustredne2.png Graphic file (type png)
<use ./ryska/soustredne2.png>
Package pdftex.def Info: ./ryska/soustredne2.png  used on input line 1794.
(pdftex.def)             Requested size: 268.90465pt x 196.72498pt.
 [49 <./ryska/soustredne1.png> <./ryska/soustredne2.png>]
<./ryska/ekvidistantykruznice1.png, id=509, 589.4522pt x 481.04718pt>
File: ./ryska/ekvidistantykruznice1.png Graphic file (type png)
<use ./ryska/ekvidistantykruznice1.png>
Package pdftex.def Info: ./ryska/ekvidistantykruznice1.png  used on input line 
1808.
(pdftex.def)             Requested size: 223.99416pt x 182.79982pt.

Overfull \hbox (28.99416pt too wide) in paragraph at lines 1808--1809
[][] 
 []

<./ryska/ekvidistantykruznice2.png, id=510, 587.19376pt x 496.85625pt>
File: ./ryska/ekvidistantykruznice2.png Graphic file (type png)
<use ./ryska/ekvidistantykruznice2.png>
Package pdftex.def Info: ./ryska/ekvidistantykruznice2.png  used on input line 
1811.
(pdftex.def)             Requested size: 234.87334pt x 198.73897pt.

Overfull \hbox (39.87334pt too wide) in paragraph at lines 1811--1812
[][] 
 []

[50 <./ryska/ekvidistantykruznice1.png> <./ryska/ekvidistantykruznice2.png>]
Underfull \hbox (badness 10000) in paragraph at lines 1818--1819

 []


Overfull \hbox (31.57141pt too wide) in paragraph at lines 1820--1821
[]\OT1/cmr/bx/n/12 rozbor ^^Sulohy \OT1/cmr/m/n/12 - p^^Tredpokl^^Sad^^Same ^^T
ze exis-tuje ale-spo^^Tn je-den hle-dan^^Sy troj^^Suheln^^S^^Pk,
 []


Overfull \hbox (11.73701pt too wide) in paragraph at lines 1826--1827
[][] 
 []

<./ryska/konstrukce1.png, id=518, 771.63281pt x 507.39563pt>
File: ./ryska/konstrukce1.png Graphic file (type png)
<use ./ryska/konstrukce1.png>
Package pdftex.def Info: ./ryska/konstrukce1.png  used on input line 1834.
(pdftex.def)             Requested size: 385.81546pt x 253.69719pt.
[51 <./ryska/konstrukce1.png>]
Underfull \hbox (badness 10000) in paragraph at lines 1842--1844

 []


Underfull \hbox (badness 10000) in paragraph at lines 1845--1849

 []


Underfull \hbox (badness 10000) in paragraph at lines 1856--1857

 []


Underfull \hbox (badness 10000) in paragraph at lines 1863--1864

 []

[52]
<./ryska/orient1.png, id=529, 505.89pt x 327.47343pt>
File: ./ryska/orient1.png Graphic file (type png)
<use ./ryska/orient1.png>
Package pdftex.def Info: ./ryska/orient1.png  used on input line 1877.
(pdftex.def)             Requested size: 202.3524pt x 130.98705pt.

Overfull \hbox (26.85359pt too wide) in paragraph at lines 1877--1878
[][] 
 []

<./ryska/orient2.png, id=530, 492.33937pt x 310.91156pt>
File: ./ryska/orient2.png Graphic file (type png)
<use ./ryska/orient2.png>
Package pdftex.def Info: ./ryska/orient2.png  used on input line 1881.
(pdftex.def)             Requested size: 196.93225pt x 124.36241pt.

Overfull \hbox (21.43344pt too wide) in paragraph at lines 1881--1882
[][] 
 []


Underfull \hbox (badness 10000) in paragraph at lines 1870--1884

 []

<./ryska/translace.png, id=531, 453.94594pt x 245.41687pt>
File: ./ryska/translace.png Graphic file (type png)
<use ./ryska/translace.png>
Package pdftex.def Info: ./ryska/translace.png  used on input line 1890.
(pdftex.def)             Requested size: 363.15724pt x 196.33376pt.

Underfull \hbox (badness 10000) in paragraph at lines 1887--1891

 []

[53 <./ryska/orient1.png> <./ryska/orient2.png>]
Overfull \hbox (5.68579pt too wide) in paragraph at lines 1894--1896
\OT1/cmr/bx/n/12 Orientovan^^Sy ^^Suhel \OT1/cmr/m/n/12 je uspo^^Tr^^Sadan^^Sa 
dvo-jice po-lop^^Tr^^S^^Pmek se spole^^Tcn^^Sym po^^Tc^^Satkem.
 []

<./ryska/pv1.png, id=543, 766.36313pt x 506.6428pt>
File: ./ryska/pv1.png Graphic file (type png)
<use ./ryska/pv1.png>
Package pdftex.def Info: ./ryska/pv1.png  used on input line 1908.
(pdftex.def)             Requested size: 229.9107pt x 151.994pt.
[54 <./ryska/translace.png>]
Underfull \hbox (badness 10000) in paragraph at lines 1914--1915

 []

<./ryska/evv.png, id=551, 788.19469pt x 460.72125pt>
File: ./ryska/evv.png Graphic file (type png)
<use ./ryska/evv.png>
Package pdftex.def Info: ./ryska/evv.png  used on input line 1920.
(pdftex.def)             Requested size: 236.46022pt x 138.21744pt.

Underfull \hbox (badness 10000) in paragraph at lines 1923--1924

 []

[55 <./ryska/pv1.png> <./ryska/evv.png>]
<./ryska/evo.png, id=562, 831.85782pt x 450.18187pt>
File: ./ryska/evo.png Graphic file (type png)
<use ./ryska/evo.png>
Package pdftex.def Info: ./ryska/evo.png  used on input line 1929.
(pdftex.def)             Requested size: 249.55927pt x 135.0556pt.
<./ryska/prevodtnaob.png, id=563, 665.48625pt x 344.78813pt>
File: ./ryska/prevodtnaob.png Graphic file (type png)
<use ./ryska/prevodtnaob.png>
Package pdftex.def Info: ./ryska/prevodtnaob.png  used on input line 1937.
(pdftex.def)             Requested size: 399.29483pt x 206.87447pt.

Overfull \hbox (9.29483pt too wide) in paragraph at lines 1937--1938
 [][] 
 []


Underfull \hbox (badness 10000) in paragraph at lines 1933--1938

 []

[56 <./ryska/evo.png> <./ryska/prevodtnaob.png>]
Underfull \hbox (badness 10000) in paragraph at lines 1943--1944

 []

<./ryska/ponc1.png, id=571, 817.55438pt x 451.6875pt>
File: ./ryska/ponc1.png Graphic file (type png)
<use ./ryska/ponc1.png>
Package pdftex.def Info: ./ryska/ponc1.png  used on input line 1949.
(pdftex.def)             Requested size: 245.2682pt x 135.5073pt.
<./ryska/ponc2.png, id=572, 824.32968pt x 488.57532pt>
File: ./ryska/ponc2.png Graphic file (type png)
<use ./ryska/ponc2.png>
Package pdftex.def Info: ./ryska/ponc2.png  used on input line 1950.
(pdftex.def)             Requested size: 247.30081pt x 146.57372pt.
<./ryska/ponc3.png, id=573, 946.28531pt x 453.19313pt>
File: ./ryska/ponc3.png Graphic file (type png)
<use ./ryska/ponc3.png>
Package pdftex.def Info: ./ryska/ponc3.png  used on input line 1951.
(pdftex.def)             Requested size: 283.88779pt x 135.95898pt.
[57 <./ryska/ponc1.png> <./ryska/ponc2.png> <./ryska/ponc3.png>]
<./ryska/ponc4.png, id=584, 605.26125pt x 322.20375pt>
File: ./ryska/ponc4.png Graphic file (type png)
<use ./ryska/ponc4.png>
Package pdftex.def Info: ./ryska/ponc4.png  used on input line 1960.
(pdftex.def)             Requested size: 211.8446pt x 112.773pt.
<./ryska/ponc5.png, id=585, 676.77844pt x 402.75468pt>
File: ./ryska/ponc5.png Graphic file (type png)
<use ./ryska/ponc5.png>
Package pdftex.def Info: ./ryska/ponc5.png  used on input line 1961.
(pdftex.def)             Requested size: 236.876pt x 140.96625pt.
<./ryska/ponc6.png, id=586, 849.1725pt x 532.99126pt>
File: ./ryska/ponc6.png Graphic file (type png)
<use ./ryska/ponc6.png>
Package pdftex.def Info: ./ryska/ponc6.png  used on input line 1962.
(pdftex.def)             Requested size: 297.21483pt x 186.54973pt.
 [58 <./ryska/ponc4.png> <./ryska/ponc5.png> <./ryska/ponc6.png>]
<./ryska/vyskovyuhel.png, id=595, 1051.67906pt x 563.10374pt>
File: ./ryska/vyskovyuhel.png Graphic file (type png)
<use ./ryska/vyskovyuhel.png>
Package pdftex.def Info: ./ryska/vyskovyuhel.png  used on input line 1988.
(pdftex.def)             Requested size: 315.50615pt x 168.93242pt.
 [59]
Overfull \hbox (1.01994pt too wide) in paragraph at lines 2000--2002
\OT1/cmr/bx/n/12 Voln^^Se rov-nob^^Te^^Tzn^^Se prom^^S^^Pt^^San^^S^^P \OT1/cmr/
m/n/12 je jedna ze zob-ra-zo-vac^^S^^Pch me-tod. \OT1/cmr/bx/n/12 Pr^^Wum^^Tetn
a
 []


Overfull \hbox (14.55537pt too wide) in paragraph at lines 2005--2006
[]\OT1/cmr/m/n/12 Pr^^Wum^^Tetem ro-viny je cel^^Sa pr^^Wum^^Tetna, nebo jen p^
^Tr^^S^^Pmka, je-li ro-vina prom^^S^^Ptac^^S^^P. 
 []

[60 <./ryska/vyskovyuhel.png>]
Underfull \hbox (badness 10000) in paragraph at lines 2017--2020

 []

[61]
Overfull \hbox (79.79634pt too wide) in paragraph at lines 2023--2033
[] 
 []


Overfull \hbox (100.84195pt too wide) in paragraph at lines 2042--2052
[]
 []


Underfull \hbox (badness 10000) in paragraph at lines 2042--2052

 []


Package amsmath Warning: Foreign command \atopwithdelims;
(amsmath)                \frac or \genfrac should be used instead
(amsmath)                 on input line 2061.


Overfull \hbox (2.92506pt too wide) in paragraph at lines 2057--2072
[] 
 []

[62] [63]
Underfull \hbox (badness 10000) in paragraph at lines 2103--2105

 []


Underfull \hbox (badness 10000) in paragraph at lines 2137--2140

 []

[64]
Underfull \hbox (badness 10000) in paragraph at lines 2147--2148

 []


Underfull \hbox (badness 10000) in paragraph at lines 2149--2150

 []

[65]
Overfull \hbox (14.04553pt too wide) in paragraph at lines 2170--2171
[]\OT1/cmr/bx/n/12 Jednoduch^^Se ^^Suro^^Tcen^^S^^P \OT1/cmr/m/n/12 je zp^^Wuso
b ^^Suro^^Tcen^^S^^P, kde se ^^Surok na konci ^^Surokovac^^S^^Pho
 []


Underfull \hbox (badness 10000) in paragraph at lines 2177--2178

 []


Overfull \hbox (22.69147pt too wide) in paragraph at lines 2179--2180
[]\OT1/cmr/m/n/12 Model I: kli-ent ukl^^Sad^^Sa pra-vi-deln^^Te stej-nou ^^Tc^^
Sastku $\OML/cmm/m/it/12 K[]$ \OT1/cmr/m/n/12 na \OT1/cmr/bx/n/12 za^^Tc^^Satku
 \OT1/cmr/m/n/12 ^^Surokovac^^S^^Pch
 []


Overfull \hbox (13.0067pt too wide) in paragraph at lines 2180--2181
[]\OT1/cmr/m/n/12 Model II: kli-ent ukl^^Sad^^Sa pra-vi-deln^^Te stej-nou ^^Tc^
^Sastku $\OML/cmm/m/it/12 K[]$ \OT1/cmr/m/n/12 na \OT1/cmr/bx/n/12 konci \OT1/c
mr/m/n/12 ^^Surokovac^^S^^Pch
 []


Underfull \hbox (badness 10000) in paragraph at lines 2187--2189

 []

[66]
Underfull \hbox (badness 10000) in paragraph at lines 2205--2207

 []

[67]
Underfull \hbox (badness 10000) in paragraph at lines 2230--2233

 []

[68]
Underfull \hbox (badness 10000) in paragraph at lines 2239--2241

 []


Underfull \hbox (badness 10000) in paragraph at lines 2242--2243

 []

[69]
Underfull \hbox (badness 10000) in paragraph at lines 2256--2259

 []

[70] [71] (./mathe-mat.aux)
Package rerunfilecheck Info: File `mathe-mat.out' has not changed.
(rerunfilecheck)             Checksum: FE69FC0F97BC89F0A0E6AE08E77E5796;6141.
 ) 
Here is how much of TeX's memory you used:
 33999 strings out of 476041
 792177 string characters out of 5793174
 1905388 words of memory out of 6000000
 53658 multiletter control sequences out of 15000+600000
 526142 words of font info for 84 fonts, out of 8000000 for 9000
 1137 hyphenation exceptions out of 8191
 102i,14n,104p,723b,2155s stack positions out of 10000i,1000n,20000p,200000b,200000s
</usr/share/texlive/texmf-dist/fonts/type1/public/amsfonts/cm/cmbx10.pfb></us
r/share/texlive/texmf-dist/fonts/type1/public/amsfonts/cm/cmbx12.pfb></usr/shar
e/texlive/texmf-dist/fonts/type1/public/amsfonts/cm/cmbx8.pfb></usr/share/texli
ve/texmf-dist/fonts/type1/public/amsfonts/cm/cmbxti10.pfb></usr/share/texlive/t
exmf-dist/fonts/type1/public/amsfonts/cm/cmex10.pfb></usr/share/texlive/texmf-d
ist/fonts/type1/public/amsfonts/cm/cmmi10.pfb></usr/share/texlive/texmf-dist/fo
nts/type1/public/amsfonts/cm/cmmi12.pfb></usr/share/texlive/texmf-dist/fonts/ty
pe1/public/amsfonts/cm/cmmi6.pfb></usr/share/texlive/texmf-dist/fonts/type1/pub
lic/amsfonts/cm/cmmi8.pfb></usr/share/texlive/texmf-dist/fonts/type1/public/ams
fonts/cm/cmr10.pfb></usr/share/texlive/texmf-dist/fonts/type1/public/amsfonts/c
m/cmr12.pfb></usr/share/texlive/texmf-dist/fonts/type1/public/amsfonts/cm/cmr17
.pfb></usr/share/texlive/texmf-dist/fonts/type1/public/amsfonts/cm/cmr6.pfb></u
sr/share/texlive/texmf-dist/fonts/type1/public/amsfonts/cm/cmr7.pfb></usr/share
/texlive/texmf-dist/fonts/type1/public/amsfonts/cm/cmr8.pfb></usr/share/texlive
/texmf-dist/fonts/type1/public/amsfonts/cm/cmsy10.pfb></usr/share/texlive/texmf
-dist/fonts/type1/public/amsfonts/cm/cmsy6.pfb></usr/share/texlive/texmf-dist/f
onts/type1/public/amsfonts/cm/cmsy8.pfb></usr/share/texlive/texmf-dist/fonts/ty
pe1/public/amsfonts/cm/cmti12.pfb></usr/share/texlive/texmf-dist/fonts/type1/pu
blic/amsfonts/symbols/msam10.pfb></usr/share/texlive/texmf-dist/fonts/type1/pub
lic/amsfonts/symbols/msbm10.pfb></usr/share/texlive/texmf-dist/fonts/type1/publ
ic/cm-super/sfrm1200.pfb>
Output written on mathe-mat.pdf (71 pages, 1139680 bytes).
PDF statistics:
 843 PDF objects out of 1000 (max. 8388607)
 668 compressed objects within 7 object streams
 259 named destinations out of 1000 (max. 500000)
 382 words of extra memory for PDF output out of 10000 (max. 10000000)

